<?xml version="1.0" encoding="UTF-8"?>
<!-- Generated by org.testng.reporters.JUnitReportReporter -->
<testsuite hostname="iTi-PC" name="automatedtests.CheckingDashboard" tests="1" failures="0" timestamp="8 Dec 2018 14:57:01 GMT" time="0.191" errors="0">
  <testcase name="logintosite" time="0.191" classname="automatedtests.CheckingDashboard"/>
</testsuite> <!-- automatedtests.CheckingDashboard -->
